<?xml version="1.0" encoding="UTF-8"?>
<!-- Generated by org.testng.reporters.JUnitReportReporter -->
<testsuite hostname="DESKTOP-LGCOO6L" failures="0" tests="1" name="crudeoperation.PutWithBDD" time="9.617" errors="0" timestamp="2022-11-02T17:41:55 IST" skipped="0">
  <testcase classname="crudeoperation.PutWithBDD" name="putwithBDD" time="9.617"/>
  <system-out/>
</testsuite> <!-- crudeoperation.PutWithBDD -->
