<?xml version="1.0" encoding="UTF-8"?>
<!-- Generated by org.testng.reporters.JUnitReportReporter -->
<testsuite hostname="DESKTOP-LGCOO6L" failures="0" tests="1" name="Authentication.BearerToken" time="13.957" errors="0" timestamp="2022-11-03T18:35:49 IST" skipped="0">
  <testcase classname="Authentication.BearerToken" name="bearerToken" time="13.957"/>
  <system-out/>
</testsuite> <!-- Authentication.BearerToken -->
