<?xml version="1.0" encoding="UTF-8"?>
<!-- Generated by org.testng.reporters.JUnitReportReporter -->
<testsuite hostname="DESKTOP-LGCOO6L" failures="0" tests="1" name="crudeoperation.PostWithBDD" time="19.020" errors="0" timestamp="2022-11-02T17:20:04 IST" skipped="0">
  <testcase classname="crudeoperation.PostWithBDD" name="postWithBDD" time="19.020"/>
  <system-out/>
</testsuite> <!-- crudeoperation.PostWithBDD -->
