<?xml version="1.0" encoding="UTF-8"?>
<!-- Generated by org.testng.reporters.JUnitReportReporter -->
<testsuite hostname="DESKTOP-LGCOO6L" failures="0" tests="1" name="crudeoperation.GetIDwithBDD" time="19.050" errors="0" timestamp="2022-11-02T16:26:49 IST" skipped="0">
  <testcase classname="crudeoperation.GetIDwithBDD" name="getidwithBDD" time="19.050"/>
  <system-out/>
</testsuite> <!-- crudeoperation.GetIDwithBDD -->
