<?xml version="1.0" encoding="UTF-8"?>
<!-- Generated by org.testng.reporters.JUnitReportReporter -->
<testsuite hostname="DESKTOP-LGCOO6L" failures="0" tests="1" name="crudeoperation.GetWithBDD" time="15.872" errors="0" timestamp="2022-10-31T18:11:03 IST" skipped="0">
  <testcase classname="crudeoperation.GetWithBDD" name="getwithBDD" time="15.872"/>
  <system-out/>
</testsuite> <!-- crudeoperation.GetWithBDD -->
