<?xml version="1.0" encoding="UTF-8"?>
<!-- Generated by org.testng.reporters.JUnitReportReporter -->
<testsuite hostname="DESKTOP-LGCOO6L" failures="0" tests="1" name="crudeoperation.DeleteWithBDD" time="8.271" errors="0" timestamp="2022-11-02T17:44:56 IST" skipped="0">
  <testcase classname="crudeoperation.DeleteWithBDD" name="deletewithBDD" time="8.271"/>
  <system-out/>
</testsuite> <!-- crudeoperation.DeleteWithBDD -->
